<?xml version="1.0" encoding="UTF-8"?>
<!-- Generated by org.testng.reporters.JUnitReportReporter -->
<testsuite skipped="0" hostname="RFL315.local" name="automationTestingExam.VerifyElementVisibility" tests="1"
           failures="0" timestamp="25 Nov 2022 13:38:37 GMT" time="11.822" errors="0">
    <testcase name="isBuyNowDisplayed" time="11.822" classname="automationTestingExam.VerifyElementVisibility"/>
</testsuite> <!-- automationTestingExam.VerifyElementVisibility -->
